  MyForm1.cpp
C:\Users\Crossy\source\repos\ChatServerGUI\ChatServerGUI\MyForm1.h(152,25): warning C4018: '<': signed/unsigned mismatch
C:\Users\Crossy\source\repos\ChatServerGUI\ChatServerGUI\MyForm1.h(222,6): warning C4996: 'strcpy': This function or variable may be unsafe. Consider using strcpy_s instead. To disable deprecation, use _CRT_SECURE_NO_WARNINGS. See online help for details.
C:\Users\Crossy\source\repos\ChatServerGUI\ChatServerGUI\MyForm1.h(223,6): warning C4996: 'strcat': This function or variable may be unsafe. Consider using strcat_s instead. To disable deprecation, use _CRT_SECURE_NO_WARNINGS. See online help for details.
C:\Users\Crossy\source\repos\ChatServerGUI\ChatServerGUI\MyForm1.h(236,6): warning C4996: 'strcpy': This function or variable may be unsafe. Consider using strcpy_s instead. To disable deprecation, use _CRT_SECURE_NO_WARNINGS. See online help for details.
C:\Users\Crossy\source\repos\ChatServerGUI\ChatServerGUI\MyForm1.h(237,6): warning C4996: 'strcat': This function or variable may be unsafe. Consider using strcat_s instead. To disable deprecation, use _CRT_SECURE_NO_WARNINGS. See online help for details.
C:\Users\Crossy\source\repos\ChatServerGUI\ChatServerGUI\MyForm1.h(254,6): warning C4996: 'strcpy': This function or variable may be unsafe. Consider using strcpy_s instead. To disable deprecation, use _CRT_SECURE_NO_WARNINGS. See online help for details.
C:\Users\Crossy\source\repos\ChatServerGUI\ChatServerGUI\MyForm1.h(255,6): warning C4996: 'strcat': This function or variable may be unsafe. Consider using strcat_s instead. To disable deprecation, use _CRT_SECURE_NO_WARNINGS. See online help for details.
C:\Users\Crossy\source\repos\ChatServerGUI\ChatServerGUI\MyForm1.h(256,6): warning C4996: 'strcat': This function or variable may be unsafe. Consider using strcat_s instead. To disable deprecation, use _CRT_SECURE_NO_WARNINGS. See online help for details.
C:\Users\Crossy\source\repos\ChatServerGUI\ChatServerGUI\MyForm1.h(268,6): warning C4996: 'strcpy': This function or variable may be unsafe. Consider using strcpy_s instead. To disable deprecation, use _CRT_SECURE_NO_WARNINGS. See online help for details.
C:\Users\Crossy\source\repos\ChatServerGUI\ChatServerGUI\MyForm1.h(278,6): warning C4996: 'strcpy': This function or variable may be unsafe. Consider using strcpy_s instead. To disable deprecation, use _CRT_SECURE_NO_WARNINGS. See online help for details.
C:\Users\Crossy\source\repos\ChatServerGUI\ChatServerGUI\MyForm1.h(279,6): warning C4996: 'strcat': This function or variable may be unsafe. Consider using strcat_s instead. To disable deprecation, use _CRT_SECURE_NO_WARNINGS. See online help for details.
C:\Users\Crossy\source\repos\ChatServerGUI\ChatServerGUI\MyForm1.h(365,6): warning C4996: 'strcat': This function or variable may be unsafe. Consider using strcat_s instead. To disable deprecation, use _CRT_SECURE_NO_WARNINGS. See online help for details.
C:\Users\Crossy\source\repos\ChatServerGUI\ChatServerGUI\MyForm1.h(366,6): warning C4996: 'strcat': This function or variable may be unsafe. Consider using strcat_s instead. To disable deprecation, use _CRT_SECURE_NO_WARNINGS. See online help for details.
C:\Users\Crossy\source\repos\ChatServerGUI\ChatServerGUI\MyForm1.h(367,6): warning C4996: 'strcat': This function or variable may be unsafe. Consider using strcat_s instead. To disable deprecation, use _CRT_SECURE_NO_WARNINGS. See online help for details.
C:\Users\Crossy\source\repos\ChatServerGUI\ChatServerGUI\MyForm1.h(389,6): warning C4996: 'strcpy': This function or variable may be unsafe. Consider using strcpy_s instead. To disable deprecation, use _CRT_SECURE_NO_WARNINGS. See online help for details.
C:\Users\Crossy\source\repos\ChatServerGUI\ChatServerGUI\MyForm1.h(405,4): warning C4996: 'strcpy': This function or variable may be unsafe. Consider using strcpy_s instead. To disable deprecation, use _CRT_SECURE_NO_WARNINGS. See online help for details.
C:\Users\Crossy\source\repos\ChatServerGUI\ChatServerGUI\MyForm1.h(398): warning C4715: 'ChatServerGUI::MyForm::GetClientCommand': not all control paths return a value
  ClientConnection.obj : MSIL module encountered; incremental linking is disabled for MSIL; performing full link
  ChatServerGUI.vcxproj -> C:\Users\Crossy\source\repos\ChatServerGUI\Debug\ChatServerGUI.exe
